Build started 2012-03-14 15:28:57.
Project "E:\yubiProvider2\msvsubauth\msvsubauth.vcxproj" on node 2 (build target(s)).
InitializeBuildStatus:
  Touching "Release\msvsubauth.unsuccessfulbuild".
ClCompile:
  All outputs are up-to-date.
Link:
  c:\Program Files (x86)\Microsoft Visual Studio 10.0\VC\bin\link.exe /ERRORREPORT:PROMPT /OUT:"E:\yubiProvider2\Release\msvsubauth.dll" /NOLOGO kernel32.lib user32.lib gdi32.lib winspool.lib comdlg32.lib advapi32.lib shell32.lib ole32.lib oleaut32.lib uuid.lib odbc32.lib odbccp32.lib bcrypt.lib yklib22.lib kernel32.lib user32.lib gdi32.lib winspool.lib comdlg32.lib advapi32.lib shell32.lib ole32.lib oleaut32.lib uuid.lib odbc32.lib odbccp32.lib /DEF:"SubAuth.def" /MANIFEST /ManifestFile:"Release\msvsubauth.dll.intermediate.manifest" /MANIFESTUAC:"level='asInvoker' uiAccess='false'" /PDB:"E:\yubiProvider2\Release\msvsubauth.pdb" /TLBID:1 /DYNAMICBASE /NXCOMPAT /IMPLIB:"E:\yubiProvider2\Release\msvsubauth.lib" /MACHINE:X86 /DLL Release\SubAuth.obj
  yklib22.lib(YkLib.obj) : MSIL .netmodule or module compiled with /GL found; restarting link with /LTCG; add /LTCG to the link command line to improve linker performance
     Creating library E:\yubiProvider2\Release\msvsubauth.lib and object E:\yubiProvider2\Release\msvsubauth.exp
LINK : warning LNK4098: defaultlib 'LIBCMT' conflicts with use of other libs; use /NODEFAULTLIB:library
  Generating code
  Finished generating code
  msvsubauth.vcxproj -> E:\yubiProvider2\Release\msvsubauth.dll
Manifest:
  C:\Program Files (x86)\Microsoft SDKs\Windows\v7.0A\bin\mt.exe /nologo /verbose /outputresource:"E:\yubiProvider2\Release\msvsubauth.dll;#2" /manifest Release\msvsubauth.dll.intermediate.manifest
FinalizeBuildStatus:
  Deleting file "Release\msvsubauth.unsuccessfulbuild".
  Touching "Release\msvsubauth.lastbuildstate".
Done Building Project "E:\yubiProvider2\msvsubauth\msvsubauth.vcxproj" (build target(s)).

Build succeeded.

Time Elapsed 00:00:00.70
